<?xml version="1.0" encoding="UTF-8"?>
<test_suites>
  <testsuite name="HelloWorldTest" filepath="hello_world/tests/hello_world_test.rb" skipped="0" failures="0" errors="0" tests="3" assertions="10" time="2.25074">
    <testcase name="test_bad_argument_values" lineno="29" classname="HelloWorldTest" assertions="2" time="0.035683">
    </testcase>
    <testcase name="test_good_argument_values" lineno="68" classname="HelloWorldTest" assertions="6" time="2.188655">
    </testcase>
    <testcase name="test_number_of_arguments_and_argument_names" lineno="16" classname="HelloWorldTest" assertions="2" time="0.026402">
    </testcase>
  </testsuite>
</test_suites>
